2026-01-31T14:37:28.994+05:30  INFO 22532 --- [taskapi] [restartedMain] c.jspiders.taskapi.TaskapiApplication    : Starting TaskapiApplication using Java 24.0.2 with PID 22532 (E:\jsp\ADVANCEJAVA\taskapi\taskapi\target\classes started by chinn in E:\jsp\ADVANCEJAVA\taskapi\taskapi)
2026-01-31T14:37:29.006+05:30  INFO 22532 --- [taskapi] [restartedMain] c.jspiders.taskapi.TaskapiApplication    : No active profile set, falling back to 1 default profile: "default"
2026-01-31T14:37:29.155+05:30  INFO 22532 --- [taskapi] [restartedMain] .e.DevToolsPropertyDefaultsPostProcessor : Devtools property defaults active! Set 'spring.devtools.add-properties' to 'false' to disable
2026-01-31T14:37:29.156+05:30  INFO 22532 --- [taskapi] [restartedMain] .e.DevToolsPropertyDefaultsPostProcessor : For additional web related logging consider setting the 'logging.level.web' property to 'DEBUG'
2026-01-31T14:37:30.617+05:30  INFO 22532 --- [taskapi] [restartedMain] .s.d.r.c.RepositoryConfigurationDelegate : Bootstrapping Spring Data JPA repositories in DEFAULT mode.
2026-01-31T14:37:30.731+05:30  INFO 22532 --- [taskapi] [restartedMain] .s.d.r.c.RepositoryConfigurationDelegate : Finished Spring Data repository scanning in 96 ms. Found 2 JPA repository interfaces.
2026-01-31T14:37:31.910+05:30  INFO 22532 --- [taskapi] [restartedMain] o.s.boot.tomcat.TomcatWebServer          : Tomcat initialized with port 8080 (http)
2026-01-31T14:37:31.939+05:30  INFO 22532 --- [taskapi] [restartedMain] o.apache.catalina.core.StandardService   : Starting service [Tomcat]
2026-01-31T14:37:31.940+05:30  INFO 22532 --- [taskapi] [restartedMain] o.apache.catalina.core.StandardEngine    : Starting Servlet engine: [Apache Tomcat/11.0.15]
2026-01-31T14:37:32.031+05:30  INFO 22532 --- [taskapi] [restartedMain] b.w.c.s.WebApplicationContextInitializer : Root WebApplicationContext: initialization completed in 2874 ms
2026-01-31T14:37:32.522+05:30  INFO 22532 --- [taskapi] [restartedMain] org.hibernate.orm.jpa                    : HHH008540: Processing PersistenceUnitInfo [name: default]
2026-01-31T14:37:32.651+05:30  INFO 22532 --- [taskapi] [restartedMain] org.hibernate.orm.core                   : HHH000001: Hibernate ORM core version 7.2.0.Final
2026-01-31T14:37:33.594+05:30  INFO 22532 --- [taskapi] [restartedMain] o.s.o.j.p.SpringPersistenceUnitInfo      : No LoadTimeWeaver setup: ignoring JPA class transformer
2026-01-31T14:37:33.636+05:30  INFO 22532 --- [taskapi] [restartedMain] com.zaxxer.hikari.HikariDataSource       : HikariPool-1 - Starting...
2026-01-31T14:37:34.227+05:30  INFO 22532 --- [taskapi] [restartedMain] com.zaxxer.hikari.pool.HikariPool        : HikariPool-1 - Added connection com.mysql.cj.jdbc.ConnectionImpl@5d9df0a1
2026-01-31T14:37:34.231+05:30  INFO 22532 --- [taskapi] [restartedMain] com.zaxxer.hikari.HikariDataSource       : HikariPool-1 - Start completed.
2026-01-31T14:37:34.397+05:30  INFO 22532 --- [taskapi] [restartedMain] org.hibernate.orm.connections.pooling    : HHH10001005: Database info:
	Database JDBC URL [jdbc:mysql://localhost:3306/taskdb]
	Database driver: MySQL Connector/J
	Database dialect: MySQLDialect
	Database version: 8.0.43
	Default catalog/schema: taskdb/undefined
	Autocommit mode: undefined/unknown
	Isolation level: REPEATABLE_READ [default REPEATABLE_READ]
	JDBC fetch size: none
	Pool: DataSourceConnectionProvider
	Minimum pool size: undefined/unknown
	Maximum pool size: undefined/unknown
2026-01-31T14:37:35.696+05:30  INFO 22532 --- [taskapi] [restartedMain] org.hibernate.orm.core                   : HHH000489: No JTA platform available (set 'hibernate.transaction.jta.platform' to enable JTA platform integration)
2026-01-31T14:37:35.841+05:30  INFO 22532 --- [taskapi] [restartedMain] j.LocalContainerEntityManagerFactoryBean : Initialized JPA EntityManagerFactory for persistence unit 'default'
2026-01-31T14:37:36.044+05:30  INFO 22532 --- [taskapi] [restartedMain] o.s.d.j.r.query.QueryEnhancerFactories   : Hibernate is in classpath; If applicable, HQL parser will be used.
2026-01-31T14:37:36.433+05:30  WARN 22532 --- [taskapi] [restartedMain] JpaBaseConfiguration$JpaWebConfiguration : spring.jpa.open-in-view is enabled by default. Therefore, database queries may be performed during view rendering. Explicitly configure spring.jpa.open-in-view to disable this warning
2026-01-31T14:37:36.935+05:30  INFO 22532 --- [taskapi] [restartedMain] o.s.boot.tomcat.TomcatWebServer          : Tomcat started on port 8080 (http) with context path '/'
2026-01-31T14:37:36.944+05:30  INFO 22532 --- [taskapi] [restartedMain] c.jspiders.taskapi.TaskapiApplication    : Started TaskapiApplication in 8.813 seconds (process running for 10.013)
2026-01-31T14:38:32.652+05:30  INFO 22532 --- [taskapi] [SpringApplicationShutdownHook] o.s.boot.tomcat.GracefulShutdown         : Commencing graceful shutdown. Waiting for active requests to complete
2026-01-31T14:38:32.666+05:30  INFO 22532 --- [taskapi] [tomcat-shutdown] o.s.boot.tomcat.GracefulShutdown         : Graceful shutdown complete
2026-01-31T14:38:32.673+05:30  INFO 22532 --- [taskapi] [SpringApplicationShutdownHook] j.LocalContainerEntityManagerFactoryBean : Closing JPA EntityManagerFactory for persistence unit 'default'
2026-01-31T14:38:32.679+05:30  INFO 22532 --- [taskapi] [SpringApplicationShutdownHook] com.zaxxer.hikari.HikariDataSource       : HikariPool-1 - Shutdown initiated...
2026-01-31T14:38:32.692+05:30  INFO 22532 --- [taskapi] [SpringApplicationShutdownHook] com.zaxxer.hikari.HikariDataSource       : HikariPool-1 - Shutdown completed.
2026-01-31T15:01:22.563+05:30  INFO 20496 --- [taskapi] [restartedMain] c.jspiders.taskapi.TaskapiApplication    : Starting TaskapiApplication using Java 24.0.2 with PID 20496 (E:\jsp\ADVANCEJAVA\taskapi\taskapi\target\classes started by chinn in E:\jsp\ADVANCEJAVA\taskapi\taskapi)
2026-01-31T15:01:22.569+05:30  INFO 20496 --- [taskapi] [restartedMain] c.jspiders.taskapi.TaskapiApplication    : No active profile set, falling back to 1 default profile: "default"
2026-01-31T15:01:22.672+05:30  INFO 20496 --- [taskapi] [restartedMain] .e.DevToolsPropertyDefaultsPostProcessor : Devtools property defaults active! Set 'spring.devtools.add-properties' to 'false' to disable
2026-01-31T15:01:22.673+05:30  INFO 20496 --- [taskapi] [restartedMain] .e.DevToolsPropertyDefaultsPostProcessor : For additional web related logging consider setting the 'logging.level.web' property to 'DEBUG'
2026-01-31T15:01:24.061+05:30  INFO 20496 --- [taskapi] [restartedMain] .s.d.r.c.RepositoryConfigurationDelegate : Bootstrapping Spring Data JPA repositories in DEFAULT mode.
2026-01-31T15:01:24.191+05:30  INFO 20496 --- [taskapi] [restartedMain] .s.d.r.c.RepositoryConfigurationDelegate : Finished Spring Data repository scanning in 106 ms. Found 2 JPA repository interfaces.
2026-01-31T15:01:25.064+05:30  INFO 20496 --- [taskapi] [restartedMain] o.s.boot.tomcat.TomcatWebServer          : Tomcat initialized with port 8080 (http)
2026-01-31T15:01:25.096+05:30  INFO 20496 --- [taskapi] [restartedMain] o.apache.catalina.core.StandardService   : Starting service [Tomcat]
2026-01-31T15:01:25.097+05:30  INFO 20496 --- [taskapi] [restartedMain] o.apache.catalina.core.StandardEngine    : Starting Servlet engine: [Apache Tomcat/11.0.15]
2026-01-31T15:01:25.172+05:30  INFO 20496 --- [taskapi] [restartedMain] b.w.c.s.WebApplicationContextInitializer : Root WebApplicationContext: initialization completed in 2499 ms
2026-01-31T15:01:25.435+05:30  INFO 20496 --- [taskapi] [restartedMain] org.hibernate.orm.jpa                    : HHH008540: Processing PersistenceUnitInfo [name: default]
2026-01-31T15:01:25.521+05:30  INFO 20496 --- [taskapi] [restartedMain] org.hibernate.orm.core                   : HHH000001: Hibernate ORM core version 7.2.0.Final
2026-01-31T15:01:26.188+05:30  INFO 20496 --- [taskapi] [restartedMain] o.s.o.j.p.SpringPersistenceUnitInfo      : No LoadTimeWeaver setup: ignoring JPA class transformer
2026-01-31T15:01:26.232+05:30  INFO 20496 --- [taskapi] [restartedMain] com.zaxxer.hikari.HikariDataSource       : HikariPool-1 - Starting...
2026-01-31T15:01:26.796+05:30  INFO 20496 --- [taskapi] [restartedMain] com.zaxxer.hikari.pool.HikariPool        : HikariPool-1 - Added connection com.mysql.cj.jdbc.ConnectionImpl@6a1d56dc
2026-01-31T15:01:26.799+05:30  INFO 20496 --- [taskapi] [restartedMain] com.zaxxer.hikari.HikariDataSource       : HikariPool-1 - Start completed.
2026-01-31T15:01:27.004+05:30  INFO 20496 --- [taskapi] [restartedMain] org.hibernate.orm.connections.pooling    : HHH10001005: Database info:
	Database JDBC URL [jdbc:mysql://localhost:3306/taskdb]
	Database driver: MySQL Connector/J
	Database dialect: MySQLDialect
	Database version: 8.0.43
	Default catalog/schema: taskdb/undefined
	Autocommit mode: undefined/unknown
	Isolation level: REPEATABLE_READ [default REPEATABLE_READ]
	JDBC fetch size: none
	Pool: DataSourceConnectionProvider
	Minimum pool size: undefined/unknown
	Maximum pool size: undefined/unknown
2026-01-31T15:01:28.242+05:30  INFO 20496 --- [taskapi] [restartedMain] org.hibernate.orm.core                   : HHH000489: No JTA platform available (set 'hibernate.transaction.jta.platform' to enable JTA platform integration)
2026-01-31T15:01:28.382+05:30  INFO 20496 --- [taskapi] [restartedMain] j.LocalContainerEntityManagerFactoryBean : Initialized JPA EntityManagerFactory for persistence unit 'default'
2026-01-31T15:01:28.564+05:30  INFO 20496 --- [taskapi] [restartedMain] o.s.d.j.r.query.QueryEnhancerFactories   : Hibernate is in classpath; If applicable, HQL parser will be used.
2026-01-31T15:01:28.991+05:30  WARN 20496 --- [taskapi] [restartedMain] JpaBaseConfiguration$JpaWebConfiguration : spring.jpa.open-in-view is enabled by default. Therefore, database queries may be performed during view rendering. Explicitly configure spring.jpa.open-in-view to disable this warning
2026-01-31T15:01:29.484+05:30  INFO 20496 --- [taskapi] [restartedMain] o.s.boot.tomcat.TomcatWebServer          : Tomcat started on port 8080 (http) with context path '/'
2026-01-31T15:01:29.493+05:30  INFO 20496 --- [taskapi] [restartedMain] c.jspiders.taskapi.TaskapiApplication    : Started TaskapiApplication in 7.608 seconds (process running for 8.528)
2026-01-31T15:05:52.880+05:30  INFO 20496 --- [taskapi] [SpringApplicationShutdownHook] o.s.boot.tomcat.GracefulShutdown         : Commencing graceful shutdown. Waiting for active requests to complete
2026-01-31T15:05:52.909+05:30  INFO 20496 --- [taskapi] [tomcat-shutdown] o.s.boot.tomcat.GracefulShutdown         : Graceful shutdown complete
2026-01-31T15:05:52.937+05:30  INFO 20496 --- [taskapi] [SpringApplicationShutdownHook] j.LocalContainerEntityManagerFactoryBean : Closing JPA EntityManagerFactory for persistence unit 'default'
2026-01-31T15:05:52.964+05:30  INFO 20496 --- [taskapi] [SpringApplicationShutdownHook] com.zaxxer.hikari.HikariDataSource       : HikariPool-1 - Shutdown initiated...
2026-01-31T15:05:52.990+05:30  INFO 20496 --- [taskapi] [SpringApplicationShutdownHook] com.zaxxer.hikari.HikariDataSource       : HikariPool-1 - Shutdown completed.
2026-01-31T16:21:24.057+05:30  INFO 16152 --- [taskapi] [restartedMain] c.jspiders.taskapi.TaskapiApplication    : Starting TaskapiApplication using Java 24.0.2 with PID 16152 (E:\jsp\ADVANCEJAVA\taskapi\taskapi\target\classes started by chinn in E:\jsp\ADVANCEJAVA\taskapi\taskapi)
2026-01-31T16:21:24.065+05:30  INFO 16152 --- [taskapi] [restartedMain] c.jspiders.taskapi.TaskapiApplication    : No active profile set, falling back to 1 default profile: "default"
2026-01-31T16:21:24.215+05:30  INFO 16152 --- [taskapi] [restartedMain] .e.DevToolsPropertyDefaultsPostProcessor : Devtools property defaults active! Set 'spring.devtools.add-properties' to 'false' to disable
2026-01-31T16:21:24.216+05:30  INFO 16152 --- [taskapi] [restartedMain] .e.DevToolsPropertyDefaultsPostProcessor : For additional web related logging consider setting the 'logging.level.web' property to 'DEBUG'
2026-01-31T16:21:25.612+05:30  INFO 16152 --- [taskapi] [restartedMain] .s.d.r.c.RepositoryConfigurationDelegate : Bootstrapping Spring Data JPA repositories in DEFAULT mode.
2026-01-31T16:21:25.701+05:30  INFO 16152 --- [taskapi] [restartedMain] .s.d.r.c.RepositoryConfigurationDelegate : Finished Spring Data repository scanning in 73 ms. Found 2 JPA repository interfaces.
2026-01-31T16:21:26.949+05:30  INFO 16152 --- [taskapi] [restartedMain] o.s.boot.tomcat.TomcatWebServer          : Tomcat initialized with port 8080 (http)
2026-01-31T16:21:26.987+05:30  INFO 16152 --- [taskapi] [restartedMain] o.apache.catalina.core.StandardService   : Starting service [Tomcat]
2026-01-31T16:21:26.989+05:30  INFO 16152 --- [taskapi] [restartedMain] o.apache.catalina.core.StandardEngine    : Starting Servlet engine: [Apache Tomcat/11.0.15]
2026-01-31T16:21:27.104+05:30  INFO 16152 --- [taskapi] [restartedMain] b.w.c.s.WebApplicationContextInitializer : Root WebApplicationContext: initialization completed in 2887 ms
2026-01-31T16:21:27.504+05:30  INFO 16152 --- [taskapi] [restartedMain] org.hibernate.orm.jpa                    : HHH008540: Processing PersistenceUnitInfo [name: default]
2026-01-31T16:21:27.622+05:30  INFO 16152 --- [taskapi] [restartedMain] org.hibernate.orm.core                   : HHH000001: Hibernate ORM core version 7.2.0.Final
2026-01-31T16:21:28.373+05:30  INFO 16152 --- [taskapi] [restartedMain] o.s.o.j.p.SpringPersistenceUnitInfo      : No LoadTimeWeaver setup: ignoring JPA class transformer
2026-01-31T16:21:28.417+05:30  INFO 16152 --- [taskapi] [restartedMain] com.zaxxer.hikari.HikariDataSource       : HikariPool-1 - Starting...
2026-01-31T16:21:29.381+05:30  INFO 16152 --- [taskapi] [restartedMain] com.zaxxer.hikari.pool.HikariPool        : HikariPool-1 - Added connection com.mysql.cj.jdbc.ConnectionImpl@3b49956e
2026-01-31T16:21:29.385+05:30  INFO 16152 --- [taskapi] [restartedMain] com.zaxxer.hikari.HikariDataSource       : HikariPool-1 - Start completed.
2026-01-31T16:21:29.786+05:30  INFO 16152 --- [taskapi] [restartedMain] org.hibernate.orm.connections.pooling    : HHH10001005: Database info:
	Database JDBC URL [jdbc:mysql://localhost:3306/taskdb]
	Database driver: MySQL Connector/J
	Database dialect: MySQLDialect
	Database version: 8.0.43
	Default catalog/schema: taskdb/undefined
	Autocommit mode: undefined/unknown
	Isolation level: REPEATABLE_READ [default REPEATABLE_READ]
	JDBC fetch size: none
	Pool: DataSourceConnectionProvider
	Minimum pool size: undefined/unknown
	Maximum pool size: undefined/unknown
2026-01-31T16:21:31.247+05:30  INFO 16152 --- [taskapi] [restartedMain] org.hibernate.orm.core                   : HHH000489: No JTA platform available (set 'hibernate.transaction.jta.platform' to enable JTA platform integration)
2026-01-31T16:21:31.467+05:30  INFO 16152 --- [taskapi] [restartedMain] j.LocalContainerEntityManagerFactoryBean : Initialized JPA EntityManagerFactory for persistence unit 'default'
2026-01-31T16:21:31.725+05:30  INFO 16152 --- [taskapi] [restartedMain] o.s.d.j.r.query.QueryEnhancerFactories   : Hibernate is in classpath; If applicable, HQL parser will be used.
2026-01-31T16:21:32.185+05:30  WARN 16152 --- [taskapi] [restartedMain] JpaBaseConfiguration$JpaWebConfiguration : spring.jpa.open-in-view is enabled by default. Therefore, database queries may be performed during view rendering. Explicitly configure spring.jpa.open-in-view to disable this warning
2026-01-31T16:21:32.769+05:30  INFO 16152 --- [taskapi] [restartedMain] o.s.boot.tomcat.TomcatWebServer          : Tomcat started on port 8080 (http) with context path '/'
2026-01-31T16:21:32.778+05:30  INFO 16152 --- [taskapi] [restartedMain] c.jspiders.taskapi.TaskapiApplication    : Started TaskapiApplication in 9.656 seconds (process running for 10.908)
2026-01-31T16:25:50.386+05:30  INFO 16152 --- [taskapi] [http-nio-8080-exec-2] o.a.c.c.C.[Tomcat].[localhost].[/]       : Initializing Spring DispatcherServlet 'dispatcherServlet'
2026-01-31T16:25:50.393+05:30  INFO 16152 --- [taskapi] [http-nio-8080-exec-2] o.s.web.servlet.DispatcherServlet        : Initializing Servlet 'dispatcherServlet'
2026-01-31T16:25:50.434+05:30  INFO 16152 --- [taskapi] [http-nio-8080-exec-2] o.s.web.servlet.DispatcherServlet        : Completed initialization in 41 ms
2026-01-31T16:25:51.201+05:30  INFO 16152 --- [taskapi] [http-nio-8080-exec-2] c.j.taskapi.controllers.UserController   : inside addUser() createUserRequest : com.jspiders.taskapi.data.users.CreateUserRequest@10443100
2026-01-31T16:25:51.203+05:30  INFO 16152 --- [taskapi] [http-nio-8080-exec-2] c.j.t.services.impl.AppUserServiceImpl2  : createUser() called with com.jspiders.taskapi.data.users.CreateUserRequest@10443100
2026-01-31T16:25:53.541+05:30  INFO 16152 --- [taskapi] [http-nio-8080-exec-2] c.j.t.services.impl.AppUserServiceImpl2  : User created successfully with id=3
2026-01-31T16:25:53.557+05:30  INFO 16152 --- [taskapi] [http-nio-8080-exec-2] c.j.taskapi.controllers.UserController   : inside addUser() : User created
2026-01-31T16:27:13.627+05:30  INFO 16152 --- [taskapi] [SpringApplicationShutdownHook] o.s.boot.tomcat.GracefulShutdown         : Commencing graceful shutdown. Waiting for active requests to complete
2026-01-31T16:27:13.648+05:30  INFO 16152 --- [taskapi] [tomcat-shutdown] o.s.boot.tomcat.GracefulShutdown         : Graceful shutdown complete
2026-01-31T16:27:13.656+05:30  INFO 16152 --- [taskapi] [SpringApplicationShutdownHook] j.LocalContainerEntityManagerFactoryBean : Closing JPA EntityManagerFactory for persistence unit 'default'
2026-01-31T16:27:13.664+05:30  INFO 16152 --- [taskapi] [SpringApplicationShutdownHook] com.zaxxer.hikari.HikariDataSource       : HikariPool-1 - Shutdown initiated...
2026-01-31T16:27:13.680+05:30  INFO 16152 --- [taskapi] [SpringApplicationShutdownHook] com.zaxxer.hikari.HikariDataSource       : HikariPool-1 - Shutdown completed.
2026-01-31T16:32:31.492+05:30  INFO 10972 --- [taskapi] [restartedMain] c.jspiders.taskapi.TaskapiApplication    : Starting TaskapiApplication using Java 24.0.2 with PID 10972 (E:\jsp\ADVANCEJAVA\taskapi\taskapi\target\classes started by chinn in E:\jsp\ADVANCEJAVA\taskapi\taskapi)
2026-01-31T16:32:31.497+05:30  INFO 10972 --- [taskapi] [restartedMain] c.jspiders.taskapi.TaskapiApplication    : No active profile set, falling back to 1 default profile: "default"
2026-01-31T16:32:31.621+05:30  INFO 10972 --- [taskapi] [restartedMain] .e.DevToolsPropertyDefaultsPostProcessor : Devtools property defaults active! Set 'spring.devtools.add-properties' to 'false' to disable
2026-01-31T16:32:31.621+05:30  INFO 10972 --- [taskapi] [restartedMain] .e.DevToolsPropertyDefaultsPostProcessor : For additional web related logging consider setting the 'logging.level.web' property to 'DEBUG'
2026-01-31T16:32:32.850+05:30  INFO 10972 --- [taskapi] [restartedMain] .s.d.r.c.RepositoryConfigurationDelegate : Bootstrapping Spring Data JPA repositories in DEFAULT mode.
2026-01-31T16:32:32.963+05:30  INFO 10972 --- [taskapi] [restartedMain] .s.d.r.c.RepositoryConfigurationDelegate : Finished Spring Data repository scanning in 94 ms. Found 2 JPA repository interfaces.
2026-01-31T16:32:33.919+05:30  INFO 10972 --- [taskapi] [restartedMain] o.s.boot.tomcat.TomcatWebServer          : Tomcat initialized with port 8080 (http)
2026-01-31T16:32:33.946+05:30  INFO 10972 --- [taskapi] [restartedMain] o.apache.catalina.core.StandardService   : Starting service [Tomcat]
2026-01-31T16:32:33.947+05:30  INFO 10972 --- [taskapi] [restartedMain] o.apache.catalina.core.StandardEngine    : Starting Servlet engine: [Apache Tomcat/11.0.15]
2026-01-31T16:32:34.033+05:30  INFO 10972 --- [taskapi] [restartedMain] b.w.c.s.WebApplicationContextInitializer : Root WebApplicationContext: initialization completed in 2411 ms
2026-01-31T16:32:34.312+05:30  INFO 10972 --- [taskapi] [restartedMain] org.hibernate.orm.jpa                    : HHH008540: Processing PersistenceUnitInfo [name: default]
2026-01-31T16:32:34.390+05:30  INFO 10972 --- [taskapi] [restartedMain] org.hibernate.orm.core                   : HHH000001: Hibernate ORM core version 7.2.0.Final
2026-01-31T16:32:35.190+05:30  INFO 10972 --- [taskapi] [restartedMain] o.s.o.j.p.SpringPersistenceUnitInfo      : No LoadTimeWeaver setup: ignoring JPA class transformer
2026-01-31T16:32:35.241+05:30  INFO 10972 --- [taskapi] [restartedMain] com.zaxxer.hikari.HikariDataSource       : HikariPool-1 - Starting...
2026-01-31T16:32:35.806+05:30  INFO 10972 --- [taskapi] [restartedMain] com.zaxxer.hikari.pool.HikariPool        : HikariPool-1 - Added connection com.mysql.cj.jdbc.ConnectionImpl@6f61d1be
2026-01-31T16:32:35.810+05:30  INFO 10972 --- [taskapi] [restartedMain] com.zaxxer.hikari.HikariDataSource       : HikariPool-1 - Start completed.
2026-01-31T16:32:36.010+05:30  INFO 10972 --- [taskapi] [restartedMain] org.hibernate.orm.connections.pooling    : HHH10001005: Database info:
	Database JDBC URL [jdbc:mysql://localhost:3306/taskdb]
	Database driver: MySQL Connector/J
	Database dialect: MySQLDialect
	Database version: 8.0.43
	Default catalog/schema: taskdb/undefined
	Autocommit mode: undefined/unknown
	Isolation level: REPEATABLE_READ [default REPEATABLE_READ]
	JDBC fetch size: none
	Pool: DataSourceConnectionProvider
	Minimum pool size: undefined/unknown
	Maximum pool size: undefined/unknown
2026-01-31T16:32:37.471+05:30  INFO 10972 --- [taskapi] [restartedMain] org.hibernate.orm.core                   : HHH000489: No JTA platform available (set 'hibernate.transaction.jta.platform' to enable JTA platform integration)
2026-01-31T16:32:37.594+05:30  INFO 10972 --- [taskapi] [restartedMain] j.LocalContainerEntityManagerFactoryBean : Initialized JPA EntityManagerFactory for persistence unit 'default'
2026-01-31T16:32:37.819+05:30  INFO 10972 --- [taskapi] [restartedMain] o.s.d.j.r.query.QueryEnhancerFactories   : Hibernate is in classpath; If applicable, HQL parser will be used.
2026-01-31T16:32:38.178+05:30  WARN 10972 --- [taskapi] [restartedMain] JpaBaseConfiguration$JpaWebConfiguration : spring.jpa.open-in-view is enabled by default. Therefore, database queries may be performed during view rendering. Explicitly configure spring.jpa.open-in-view to disable this warning
2026-01-31T16:32:38.853+05:30  INFO 10972 --- [taskapi] [restartedMain] o.s.boot.tomcat.TomcatWebServer          : Tomcat started on port 8080 (http) with context path '/'
2026-01-31T16:32:38.866+05:30  INFO 10972 --- [taskapi] [restartedMain] c.jspiders.taskapi.TaskapiApplication    : Started TaskapiApplication in 8.181 seconds (process running for 9.119)
2026-01-31T16:33:33.892+05:30  INFO 10972 --- [taskapi] [http-nio-8080-exec-2] o.a.c.c.C.[Tomcat].[localhost].[/]       : Initializing Spring DispatcherServlet 'dispatcherServlet'
2026-01-31T16:33:33.894+05:30  INFO 10972 --- [taskapi] [http-nio-8080-exec-2] o.s.web.servlet.DispatcherServlet        : Initializing Servlet 'dispatcherServlet'
2026-01-31T16:33:33.898+05:30  INFO 10972 --- [taskapi] [http-nio-8080-exec-2] o.s.web.servlet.DispatcherServlet        : Completed initialization in 4 ms
2026-01-31T16:33:34.276+05:30  INFO 10972 --- [taskapi] [http-nio-8080-exec-2] c.j.taskapi.controllers.TaskController   : inside createTask CreateTaskRequest(title=title1, description=description1, status=1, userId=2)
2026-01-31T16:33:34.276+05:30  INFO 10972 --- [taskapi] [http-nio-8080-exec-2] c.j.t.services.impl.TaskServiceImpl      : inside createTask CreateTaskRequest(title=title1, description=description1, status=1, userId=2)
2026-01-31T16:38:33.544+05:30  INFO 10972 --- [taskapi] [http-nio-8080-exec-3] c.j.taskapi.controllers.TaskController   : inside createTask CreateTaskRequest(title=title1, description=description1, status=1, userId=2)
2026-01-31T16:38:33.545+05:30  INFO 10972 --- [taskapi] [http-nio-8080-exec-3] c.j.t.services.impl.TaskServiceImpl      : inside createTask CreateTaskRequest(title=title1, description=description1, status=1, userId=2)
2026-01-31T16:43:00.907+05:30  INFO 10972 --- [taskapi] [SpringApplicationShutdownHook] o.s.boot.tomcat.GracefulShutdown         : Commencing graceful shutdown. Waiting for active requests to complete
2026-01-31T16:43:00.962+05:30  INFO 10972 --- [taskapi] [tomcat-shutdown] o.s.boot.tomcat.GracefulShutdown         : Graceful shutdown complete
2026-01-31T16:43:01.004+05:30  INFO 10972 --- [taskapi] [SpringApplicationShutdownHook] j.LocalContainerEntityManagerFactoryBean : Closing JPA EntityManagerFactory for persistence unit 'default'
2026-01-31T16:43:01.072+05:30  INFO 10972 --- [taskapi] [SpringApplicationShutdownHook] com.zaxxer.hikari.HikariDataSource       : HikariPool-1 - Shutdown initiated...
2026-01-31T16:43:01.121+05:30  INFO 10972 --- [taskapi] [SpringApplicationShutdownHook] com.zaxxer.hikari.HikariDataSource       : HikariPool-1 - Shutdown completed.
2026-01-31T16:43:17.122+05:30  INFO 5400 --- [taskapi] [restartedMain] c.jspiders.taskapi.TaskapiApplication    : Starting TaskapiApplication using Java 24.0.2 with PID 5400 (E:\jsp\ADVANCEJAVA\taskapi\taskapi\target\classes started by chinn in E:\jsp\ADVANCEJAVA\taskapi\taskapi)
2026-01-31T16:43:17.133+05:30  INFO 5400 --- [taskapi] [restartedMain] c.jspiders.taskapi.TaskapiApplication    : No active profile set, falling back to 1 default profile: "default"
2026-01-31T16:43:17.288+05:30  INFO 5400 --- [taskapi] [restartedMain] .e.DevToolsPropertyDefaultsPostProcessor : Devtools property defaults active! Set 'spring.devtools.add-properties' to 'false' to disable
2026-01-31T16:43:17.288+05:30  INFO 5400 --- [taskapi] [restartedMain] .e.DevToolsPropertyDefaultsPostProcessor : For additional web related logging consider setting the 'logging.level.web' property to 'DEBUG'
2026-01-31T16:43:18.742+05:30  INFO 5400 --- [taskapi] [restartedMain] .s.d.r.c.RepositoryConfigurationDelegate : Bootstrapping Spring Data JPA repositories in DEFAULT mode.
2026-01-31T16:43:18.909+05:30  INFO 5400 --- [taskapi] [restartedMain] .s.d.r.c.RepositoryConfigurationDelegate : Finished Spring Data repository scanning in 138 ms. Found 2 JPA repository interfaces.
2026-01-31T16:43:19.943+05:30  INFO 5400 --- [taskapi] [restartedMain] o.s.boot.tomcat.TomcatWebServer          : Tomcat initialized with port 8080 (http)
2026-01-31T16:43:19.975+05:30  INFO 5400 --- [taskapi] [restartedMain] o.apache.catalina.core.StandardService   : Starting service [Tomcat]
2026-01-31T16:43:19.975+05:30  INFO 5400 --- [taskapi] [restartedMain] o.apache.catalina.core.StandardEngine    : Starting Servlet engine: [Apache Tomcat/11.0.15]
2026-01-31T16:43:20.094+05:30  INFO 5400 --- [taskapi] [restartedMain] b.w.c.s.WebApplicationContextInitializer : Root WebApplicationContext: initialization completed in 2805 ms
2026-01-31T16:43:20.436+05:30  INFO 5400 --- [taskapi] [restartedMain] org.hibernate.orm.jpa                    : HHH008540: Processing PersistenceUnitInfo [name: default]
2026-01-31T16:43:20.569+05:30  INFO 5400 --- [taskapi] [restartedMain] org.hibernate.orm.core                   : HHH000001: Hibernate ORM core version 7.2.0.Final
2026-01-31T16:43:21.548+05:30  INFO 5400 --- [taskapi] [restartedMain] o.s.o.j.p.SpringPersistenceUnitInfo      : No LoadTimeWeaver setup: ignoring JPA class transformer
2026-01-31T16:43:21.593+05:30  INFO 5400 --- [taskapi] [restartedMain] com.zaxxer.hikari.HikariDataSource       : HikariPool-1 - Starting...
2026-01-31T16:43:22.144+05:30  INFO 5400 --- [taskapi] [restartedMain] com.zaxxer.hikari.pool.HikariPool        : HikariPool-1 - Added connection com.mysql.cj.jdbc.ConnectionImpl@6f61d1be
2026-01-31T16:43:22.147+05:30  INFO 5400 --- [taskapi] [restartedMain] com.zaxxer.hikari.HikariDataSource       : HikariPool-1 - Start completed.
2026-01-31T16:43:22.302+05:30  INFO 5400 --- [taskapi] [restartedMain] org.hibernate.orm.connections.pooling    : HHH10001005: Database info:
	Database JDBC URL [jdbc:mysql://localhost:3306/taskdb]
	Database driver: MySQL Connector/J
	Database dialect: MySQLDialect
	Database version: 8.0.43
	Default catalog/schema: taskdb/undefined
	Autocommit mode: undefined/unknown
	Isolation level: REPEATABLE_READ [default REPEATABLE_READ]
	JDBC fetch size: none
	Pool: DataSourceConnectionProvider
	Minimum pool size: undefined/unknown
	Maximum pool size: undefined/unknown
2026-01-31T16:43:23.827+05:30  INFO 5400 --- [taskapi] [restartedMain] org.hibernate.orm.core                   : HHH000489: No JTA platform available (set 'hibernate.transaction.jta.platform' to enable JTA platform integration)
2026-01-31T16:43:23.962+05:30  INFO 5400 --- [taskapi] [restartedMain] j.LocalContainerEntityManagerFactoryBean : Initialized JPA EntityManagerFactory for persistence unit 'default'
2026-01-31T16:43:24.227+05:30  INFO 5400 --- [taskapi] [restartedMain] o.s.d.j.r.query.QueryEnhancerFactories   : Hibernate is in classpath; If applicable, HQL parser will be used.
2026-01-31T16:43:24.780+05:30  WARN 5400 --- [taskapi] [restartedMain] JpaBaseConfiguration$JpaWebConfiguration : spring.jpa.open-in-view is enabled by default. Therefore, database queries may be performed during view rendering. Explicitly configure spring.jpa.open-in-view to disable this warning
2026-01-31T16:43:26.136+05:30  INFO 5400 --- [taskapi] [restartedMain] o.s.boot.tomcat.TomcatWebServer          : Tomcat started on port 8080 (http) with context path '/'
2026-01-31T16:43:26.162+05:30  INFO 5400 --- [taskapi] [restartedMain] c.jspiders.taskapi.TaskapiApplication    : Started TaskapiApplication in 10.113 seconds (process running for 11.199)
2026-01-31T16:46:20.923+05:30  INFO 5400 --- [taskapi] [http-nio-8080-exec-1] o.a.c.c.C.[Tomcat].[localhost].[/]       : Initializing Spring DispatcherServlet 'dispatcherServlet'
2026-01-31T16:46:20.930+05:30  INFO 5400 --- [taskapi] [http-nio-8080-exec-1] o.s.web.servlet.DispatcherServlet        : Initializing Servlet 'dispatcherServlet'
2026-01-31T16:46:20.931+05:30  INFO 5400 --- [taskapi] [http-nio-8080-exec-1] o.s.web.servlet.DispatcherServlet        : Completed initialization in 0 ms
2026-01-31T16:46:34.881+05:30  INFO 5400 --- [taskapi] [http-nio-8080-exec-2] c.j.taskapi.controllers.UserController   : inside addUser() createUserRequest : com.jspiders.taskapi.data.users.CreateUserRequest@63522412
2026-01-31T16:46:34.881+05:30  INFO 5400 --- [taskapi] [http-nio-8080-exec-2] c.j.t.services.impl.AppUserServiceImpl2  : createUser() called with com.jspiders.taskapi.data.users.CreateUserRequest@63522412
2026-01-31T16:46:36.768+05:30  WARN 5400 --- [taskapi] [http-nio-8080-exec-2] c.j.t.services.impl.AppUserServiceImpl2  : Duplicate user detected: email=udaykiran1@gmail.com, mobile=7032592611
2026-01-31T16:46:36.770+05:30 ERROR 5400 --- [taskapi] [http-nio-8080-exec-2] o.a.c.c.C.[.[.[/].[dispatcherServlet]    : Servlet.service() for servlet [dispatcherServlet] in context with path [] threw exception [Request processing failed: com.jspiders.taskapi.errors.DuplicateUserException: User with given email/mobile already exists] with root cause

com.jspiders.taskapi.errors.DuplicateUserException: User with given email/mobile already exists
	at com.jspiders.taskapi.services.impl.AppUserServiceImpl2.createUser(AppUserServiceImpl2.java:40) ~[classes/:na]
	at com.jspiders.taskapi.controllers.UserController.addUser(UserController.java:29) ~[classes/:na]
	at java.base/jdk.internal.reflect.DirectMethodHandleAccessor.invoke(DirectMethodHandleAccessor.java:104) ~[na:na]
	at java.base/java.lang.reflect.Method.invoke(Method.java:565) ~[na:na]
	at org.springframework.web.method.support.InvocableHandlerMethod.doInvoke(InvocableHandlerMethod.java:258) ~[spring-web-7.0.2.jar:7.0.2]
	at org.springframework.web.method.support.InvocableHandlerMethod.invokeForRequest(InvocableHandlerMethod.java:190) ~[spring-web-7.0.2.jar:7.0.2]
	at org.springframework.web.servlet.mvc.method.annotation.ServletInvocableHandlerMethod.invokeAndHandle(ServletInvocableHandlerMethod.java:117) ~[spring-webmvc-7.0.2.jar:7.0.2]
	at org.springframework.web.servlet.mvc.method.annotation.RequestMappingHandlerAdapter.invokeHandlerMethod(RequestMappingHandlerAdapter.java:934) ~[spring-webmvc-7.0.2.jar:7.0.2]
	at org.springframework.web.servlet.mvc.method.annotation.RequestMappingHandlerAdapter.handleInternal(RequestMappingHandlerAdapter.java:853) ~[spring-webmvc-7.0.2.jar:7.0.2]
	at org.springframework.web.servlet.mvc.method.AbstractHandlerMethodAdapter.handle(AbstractHandlerMethodAdapter.java:86) ~[spring-webmvc-7.0.2.jar:7.0.2]
	at org.springframework.web.servlet.DispatcherServlet.doDispatch(DispatcherServlet.java:963) ~[spring-webmvc-7.0.2.jar:7.0.2]
	at org.springframework.web.servlet.DispatcherServlet.doService(DispatcherServlet.java:866) ~[spring-webmvc-7.0.2.jar:7.0.2]
	at org.springframework.web.servlet.FrameworkServlet.processRequest(FrameworkServlet.java:1003) ~[spring-webmvc-7.0.2.jar:7.0.2]
	at org.springframework.web.servlet.FrameworkServlet.doPost(FrameworkServlet.java:903) ~[spring-webmvc-7.0.2.jar:7.0.2]
	at jakarta.servlet.http.HttpServlet.service(HttpServlet.java:649) ~[tomcat-embed-core-11.0.15.jar:6.1]
	at org.springframework.web.servlet.FrameworkServlet.service(FrameworkServlet.java:874) ~[spring-webmvc-7.0.2.jar:7.0.2]
	at jakarta.servlet.http.HttpServlet.service(HttpServlet.java:710) ~[tomcat-embed-core-11.0.15.jar:6.1]
	at org.apache.catalina.core.ApplicationFilterChain.doFilter(ApplicationFilterChain.java:128) ~[tomcat-embed-core-11.0.15.jar:11.0.15]
	at org.apache.tomcat.websocket.server.WsFilter.doFilter(WsFilter.java:53) ~[tomcat-embed-websocket-11.0.15.jar:11.0.15]
	at org.apache.catalina.core.ApplicationFilterChain.doFilter(ApplicationFilterChain.java:107) ~[tomcat-embed-core-11.0.15.jar:11.0.15]
	at org.springframework.web.filter.RequestContextFilter.doFilterInternal(RequestContextFilter.java:100) ~[spring-web-7.0.2.jar:7.0.2]
	at org.springframework.web.filter.OncePerRequestFilter.doFilter(OncePerRequestFilter.java:116) ~[spring-web-7.0.2.jar:7.0.2]
	at org.apache.catalina.core.ApplicationFilterChain.doFilter(ApplicationFilterChain.java:107) ~[tomcat-embed-core-11.0.15.jar:11.0.15]
	at org.springframework.web.filter.FormContentFilter.doFilterInternal(FormContentFilter.java:93) ~[spring-web-7.0.2.jar:7.0.2]
	at org.springframework.web.filter.OncePerRequestFilter.doFilter(OncePerRequestFilter.java:116) ~[spring-web-7.0.2.jar:7.0.2]
	at org.apache.catalina.core.ApplicationFilterChain.doFilter(ApplicationFilterChain.java:107) ~[tomcat-embed-core-11.0.15.jar:11.0.15]
	at org.springframework.web.filter.CharacterEncodingFilter.doFilterInternal(CharacterEncodingFilter.java:199) ~[spring-web-7.0.2.jar:7.0.2]
	at org.springframework.web.filter.OncePerRequestFilter.doFilter(OncePerRequestFilter.java:116) ~[spring-web-7.0.2.jar:7.0.2]
	at org.apache.catalina.core.ApplicationFilterChain.doFilter(ApplicationFilterChain.java:107) ~[tomcat-embed-core-11.0.15.jar:11.0.15]
	at org.apache.catalina.core.StandardWrapperValve.invoke(StandardWrapperValve.java:165) ~[tomcat-embed-core-11.0.15.jar:11.0.15]
	at org.apache.catalina.core.StandardContextValve.invoke(StandardContextValve.java:77) ~[tomcat-embed-core-11.0.15.jar:11.0.15]
	at org.apache.catalina.authenticator.AuthenticatorBase.invoke(AuthenticatorBase.java:482) ~[tomcat-embed-core-11.0.15.jar:11.0.15]
	at org.apache.catalina.core.StandardHostValve.invoke(StandardHostValve.java:113) ~[tomcat-embed-core-11.0.15.jar:11.0.15]
	at org.apache.catalina.valves.ErrorReportValve.invoke(ErrorReportValve.java:83) ~[tomcat-embed-core-11.0.15.jar:11.0.15]
	at org.apache.catalina.core.StandardEngineValve.invoke(StandardEngineValve.java:72) ~[tomcat-embed-core-11.0.15.jar:11.0.15]
	at org.apache.catalina.connector.CoyoteAdapter.service(CoyoteAdapter.java:341) ~[tomcat-embed-core-11.0.15.jar:11.0.15]
	at org.apache.coyote.http11.Http11Processor.service(Http11Processor.java:397) ~[tomcat-embed-core-11.0.15.jar:11.0.15]
	at org.apache.coyote.AbstractProcessorLight.process(AbstractProcessorLight.java:63) ~[tomcat-embed-core-11.0.15.jar:11.0.15]
	at org.apache.coyote.AbstractProtocol$ConnectionHandler.process(AbstractProtocol.java:903) ~[tomcat-embed-core-11.0.15.jar:11.0.15]
	at org.apache.tomcat.util.net.NioEndpoint$SocketProcessor.doRun(NioEndpoint.java:1778) ~[tomcat-embed-core-11.0.15.jar:11.0.15]
	at org.apache.tomcat.util.net.SocketProcessorBase.run(SocketProcessorBase.java:52) ~[tomcat-embed-core-11.0.15.jar:11.0.15]
	at org.apache.tomcat.util.threads.ThreadPoolExecutor.runWorker(ThreadPoolExecutor.java:946) ~[tomcat-embed-core-11.0.15.jar:11.0.15]
	at org.apache.tomcat.util.threads.ThreadPoolExecutor$Worker.run(ThreadPoolExecutor.java:480) ~[tomcat-embed-core-11.0.15.jar:11.0.15]
	at org.apache.tomcat.util.threads.TaskThread$WrappingRunnable.run(TaskThread.java:57) ~[tomcat-embed-core-11.0.15.jar:11.0.15]
	at java.base/java.lang.Thread.run(Thread.java:1447) ~[na:na]

2026-01-31T16:46:49.276+05:30  INFO 5400 --- [taskapi] [http-nio-8080-exec-5] c.j.taskapi.controllers.UserController   : inside addUser() createUserRequest : com.jspiders.taskapi.data.users.CreateUserRequest@46ba015
2026-01-31T16:46:49.284+05:30  INFO 5400 --- [taskapi] [http-nio-8080-exec-5] c.j.t.services.impl.AppUserServiceImpl2  : createUser() called with com.jspiders.taskapi.data.users.CreateUserRequest@46ba015
2026-01-31T16:46:49.571+05:30  INFO 5400 --- [taskapi] [http-nio-8080-exec-5] c.j.t.services.impl.AppUserServiceImpl2  : User created successfully with id=4
2026-01-31T16:46:49.575+05:30  INFO 5400 --- [taskapi] [http-nio-8080-exec-5] c.j.taskapi.controllers.UserController   : inside addUser() : User created
2026-01-31T16:47:29.348+05:30  INFO 5400 --- [taskapi] [http-nio-8080-exec-9] c.j.taskapi.controllers.TaskController   : inside createTask CreateTaskRequest(title=title4, description=description4, status=1, userId=4)
2026-01-31T16:47:29.350+05:30  INFO 5400 --- [taskapi] [http-nio-8080-exec-9] c.j.t.services.impl.TaskServiceImpl      : inside createTask CreateTaskRequest(title=title4, description=description4, status=1, userId=4)
2026-01-31T16:48:02.364+05:30  INFO 5400 --- [taskapi] [http-nio-8080-exec-10] c.j.taskapi.controllers.TaskController   : inside createTask CreateTaskRequest(title=title_5cb08dbb4576, description=description_479f6714ef99, status=status_f45a090607b7, userId=null)
2026-01-31T16:48:02.364+05:30  INFO 5400 --- [taskapi] [http-nio-8080-exec-10] c.j.t.services.impl.TaskServiceImpl      : inside createTask CreateTaskRequest(title=title_5cb08dbb4576, description=description_479f6714ef99, status=status_f45a090607b7, userId=null)
2026-01-31T16:48:02.397+05:30 ERROR 5400 --- [taskapi] [http-nio-8080-exec-10] o.a.c.c.C.[.[.[/].[dispatcherServlet]    : Servlet.service() for servlet [dispatcherServlet] in context with path [] threw exception [Request processing failed: org.springframework.dao.InvalidDataAccessApiUsageException: The given id must not be null] with root cause

java.lang.IllegalArgumentException: The given id must not be null
	at org.springframework.util.Assert.notNull(Assert.java:182) ~[spring-core-7.0.2.jar:7.0.2]
	at org.springframework.data.jpa.repository.support.SimpleJpaRepository.findById(SimpleJpaRepository.java:332) ~[spring-data-jpa-4.0.1.jar:4.0.1]
	at java.base/jdk.internal.reflect.DirectMethodHandleAccessor.invoke(DirectMethodHandleAccessor.java:104) ~[na:na]
	at java.base/java.lang.reflect.Method.invoke(Method.java:565) ~[na:na]
	at org.springframework.aop.support.AopUtils.invokeJoinpointUsingReflection(AopUtils.java:359) ~[spring-aop-7.0.2.jar:7.0.2]
	at org.springframework.data.repository.core.support.RepositoryMethodInvoker$RepositoryFragmentMethodInvoker.lambda$new$0(RepositoryMethodInvoker.java:278) ~[spring-data-commons-4.0.1.jar:4.0.1]
	at org.springframework.data.repository.core.support.RepositoryMethodInvoker.doInvoke(RepositoryMethodInvoker.java:169) ~[spring-data-commons-4.0.1.jar:4.0.1]
	at org.springframework.data.repository.core.support.RepositoryMethodInvoker.invoke(RepositoryMethodInvoker.java:158) ~[spring-data-commons-4.0.1.jar:4.0.1]
	at org.springframework.data.repository.core.support.RepositoryComposition$RepositoryFragments.invoke(RepositoryComposition.java:545) ~[spring-data-commons-4.0.1.jar:4.0.1]
	at org.springframework.data.repository.core.support.RepositoryComposition.invoke(RepositoryComposition.java:290) ~[spring-data-commons-4.0.1.jar:4.0.1]
	at org.springframework.data.repository.core.support.RepositoryFactorySupport$ImplementationMethodExecutionInterceptor.invoke(RepositoryFactorySupport.java:690) ~[spring-data-commons-4.0.1.jar:4.0.1]
	at org.springframework.aop.framework.ReflectiveMethodInvocation.proceed(ReflectiveMethodInvocation.java:179) ~[spring-aop-7.0.2.jar:7.0.2]
	at org.springframework.data.repository.core.support.QueryExecutorMethodInterceptor.doInvoke(QueryExecutorMethodInterceptor.java:171) ~[spring-data-commons-4.0.1.jar:4.0.1]
	at org.springframework.data.repository.core.support.QueryExecutorMethodInterceptor.invoke(QueryExecutorMethodInterceptor.java:146) ~[spring-data-commons-4.0.1.jar:4.0.1]
	at org.springframework.aop.framework.ReflectiveMethodInvocation.proceed(ReflectiveMethodInvocation.java:179) ~[spring-aop-7.0.2.jar:7.0.2]
	at org.springframework.data.projection.DefaultMethodInvokingMethodInterceptor.invoke(DefaultMethodInvokingMethodInterceptor.java:69) ~[spring-data-commons-4.0.1.jar:4.0.1]
	at org.springframework.aop.framework.ReflectiveMethodInvocation.proceed(ReflectiveMethodInvocation.java:179) ~[spring-aop-7.0.2.jar:7.0.2]
	at org.springframework.transaction.interceptor.TransactionAspectSupport.invokeWithinTransaction(TransactionAspectSupport.java:370) ~[spring-tx-7.0.2.jar:7.0.2]
	at org.springframework.transaction.interceptor.TransactionInterceptor.invoke(TransactionInterceptor.java:118) ~[spring-tx-7.0.2.jar:7.0.2]
	at org.springframework.aop.framework.ReflectiveMethodInvocation.proceed(ReflectiveMethodInvocation.java:179) ~[spring-aop-7.0.2.jar:7.0.2]
	at org.springframework.dao.support.PersistenceExceptionTranslationInterceptor.invoke(PersistenceExceptionTranslationInterceptor.java:135) ~[spring-tx-7.0.2.jar:7.0.2]
	at org.springframework.aop.framework.ReflectiveMethodInvocation.proceed(ReflectiveMethodInvocation.java:179) ~[spring-aop-7.0.2.jar:7.0.2]
	at org.springframework.data.jpa.repository.support.CrudMethodMetadataPostProcessor$CrudMethodMetadataPopulatingMethodInterceptor.invoke(CrudMethodMetadataPostProcessor.java:166) ~[spring-data-jpa-4.0.1.jar:4.0.1]
	at org.springframework.aop.framework.ReflectiveMethodInvocation.proceed(ReflectiveMethodInvocation.java:179) ~[spring-aop-7.0.2.jar:7.0.2]
	at org.springframework.aop.framework.JdkDynamicAopProxy.invoke(JdkDynamicAopProxy.java:222) ~[spring-aop-7.0.2.jar:7.0.2]
	at jdk.proxy4/jdk.proxy4.$Proxy139.findById(Unknown Source) ~[na:na]
	at com.jspiders.taskapi.services.impl.TaskServiceImpl.createTask(TaskServiceImpl.java:34) ~[classes/:na]
	at com.jspiders.taskapi.controllers.TaskController.createTask(TaskController.java:28) ~[classes/:na]
	at java.base/jdk.internal.reflect.DirectMethodHandleAccessor.invoke(DirectMethodHandleAccessor.java:104) ~[na:na]
	at java.base/java.lang.reflect.Method.invoke(Method.java:565) ~[na:na]
	at org.springframework.web.method.support.InvocableHandlerMethod.doInvoke(InvocableHandlerMethod.java:258) ~[spring-web-7.0.2.jar:7.0.2]
	at org.springframework.web.method.support.InvocableHandlerMethod.invokeForRequest(InvocableHandlerMethod.java:190) ~[spring-web-7.0.2.jar:7.0.2]
	at org.springframework.web.servlet.mvc.method.annotation.ServletInvocableHandlerMethod.invokeAndHandle(ServletInvocableHandlerMethod.java:117) ~[spring-webmvc-7.0.2.jar:7.0.2]
	at org.springframework.web.servlet.mvc.method.annotation.RequestMappingHandlerAdapter.invokeHandlerMethod(RequestMappingHandlerAdapter.java:934) ~[spring-webmvc-7.0.2.jar:7.0.2]
	at org.springframework.web.servlet.mvc.method.annotation.RequestMappingHandlerAdapter.handleInternal(RequestMappingHandlerAdapter.java:853) ~[spring-webmvc-7.0.2.jar:7.0.2]
	at org.springframework.web.servlet.mvc.method.AbstractHandlerMethodAdapter.handle(AbstractHandlerMethodAdapter.java:86) ~[spring-webmvc-7.0.2.jar:7.0.2]
	at org.springframework.web.servlet.DispatcherServlet.doDispatch(DispatcherServlet.java:963) ~[spring-webmvc-7.0.2.jar:7.0.2]
	at org.springframework.web.servlet.DispatcherServlet.doService(DispatcherServlet.java:866) ~[spring-webmvc-7.0.2.jar:7.0.2]
	at org.springframework.web.servlet.FrameworkServlet.processRequest(FrameworkServlet.java:1003) ~[spring-webmvc-7.0.2.jar:7.0.2]
	at org.springframework.web.servlet.FrameworkServlet.doPost(FrameworkServlet.java:903) ~[spring-webmvc-7.0.2.jar:7.0.2]
	at jakarta.servlet.http.HttpServlet.service(HttpServlet.java:649) ~[tomcat-embed-core-11.0.15.jar:6.1]
	at org.springframework.web.servlet.FrameworkServlet.service(FrameworkServlet.java:874) ~[spring-webmvc-7.0.2.jar:7.0.2]
	at jakarta.servlet.http.HttpServlet.service(HttpServlet.java:710) ~[tomcat-embed-core-11.0.15.jar:6.1]
	at org.apache.catalina.core.ApplicationFilterChain.doFilter(ApplicationFilterChain.java:128) ~[tomcat-embed-core-11.0.15.jar:11.0.15]
	at org.apache.tomcat.websocket.server.WsFilter.doFilter(WsFilter.java:53) ~[tomcat-embed-websocket-11.0.15.jar:11.0.15]
	at org.apache.catalina.core.ApplicationFilterChain.doFilter(ApplicationFilterChain.java:107) ~[tomcat-embed-core-11.0.15.jar:11.0.15]
	at org.springframework.web.filter.RequestContextFilter.doFilterInternal(RequestContextFilter.java:100) ~[spring-web-7.0.2.jar:7.0.2]
	at org.springframework.web.filter.OncePerRequestFilter.doFilter(OncePerRequestFilter.java:116) ~[spring-web-7.0.2.jar:7.0.2]
	at org.apache.catalina.core.ApplicationFilterChain.doFilter(ApplicationFilterChain.java:107) ~[tomcat-embed-core-11.0.15.jar:11.0.15]
	at org.springframework.web.filter.FormContentFilter.doFilterInternal(FormContentFilter.java:93) ~[spring-web-7.0.2.jar:7.0.2]
	at org.springframework.web.filter.OncePerRequestFilter.doFilter(OncePerRequestFilter.java:116) ~[spring-web-7.0.2.jar:7.0.2]
	at org.apache.catalina.core.ApplicationFilterChain.doFilter(ApplicationFilterChain.java:107) ~[tomcat-embed-core-11.0.15.jar:11.0.15]
	at org.springframework.web.filter.CharacterEncodingFilter.doFilterInternal(CharacterEncodingFilter.java:199) ~[spring-web-7.0.2.jar:7.0.2]
	at org.springframework.web.filter.OncePerRequestFilter.doFilter(OncePerRequestFilter.java:116) ~[spring-web-7.0.2.jar:7.0.2]
	at org.apache.catalina.core.ApplicationFilterChain.doFilter(ApplicationFilterChain.java:107) ~[tomcat-embed-core-11.0.15.jar:11.0.15]
	at org.apache.catalina.core.StandardWrapperValve.invoke(StandardWrapperValve.java:165) ~[tomcat-embed-core-11.0.15.jar:11.0.15]
	at org.apache.catalina.core.StandardContextValve.invoke(StandardContextValve.java:77) ~[tomcat-embed-core-11.0.15.jar:11.0.15]
	at org.apache.catalina.authenticator.AuthenticatorBase.invoke(AuthenticatorBase.java:482) ~[tomcat-embed-core-11.0.15.jar:11.0.15]
	at org.apache.catalina.core.StandardHostValve.invoke(StandardHostValve.java:113) ~[tomcat-embed-core-11.0.15.jar:11.0.15]
	at org.apache.catalina.valves.ErrorReportValve.invoke(ErrorReportValve.java:83) ~[tomcat-embed-core-11.0.15.jar:11.0.15]
	at org.apache.catalina.core.StandardEngineValve.invoke(StandardEngineValve.java:72) ~[tomcat-embed-core-11.0.15.jar:11.0.15]
	at org.apache.catalina.connector.CoyoteAdapter.service(CoyoteAdapter.java:341) ~[tomcat-embed-core-11.0.15.jar:11.0.15]
	at org.apache.coyote.http11.Http11Processor.service(Http11Processor.java:397) ~[tomcat-embed-core-11.0.15.jar:11.0.15]
	at org.apache.coyote.AbstractProcessorLight.process(AbstractProcessorLight.java:63) ~[tomcat-embed-core-11.0.15.jar:11.0.15]
	at org.apache.coyote.AbstractProtocol$ConnectionHandler.process(AbstractProtocol.java:903) ~[tomcat-embed-core-11.0.15.jar:11.0.15]
	at org.apache.tomcat.util.net.NioEndpoint$SocketProcessor.doRun(NioEndpoint.java:1778) ~[tomcat-embed-core-11.0.15.jar:11.0.15]
	at org.apache.tomcat.util.net.SocketProcessorBase.run(SocketProcessorBase.java:52) ~[tomcat-embed-core-11.0.15.jar:11.0.15]
	at org.apache.tomcat.util.threads.ThreadPoolExecutor.runWorker(ThreadPoolExecutor.java:946) ~[tomcat-embed-core-11.0.15.jar:11.0.15]
	at org.apache.tomcat.util.threads.ThreadPoolExecutor$Worker.run(ThreadPoolExecutor.java:480) ~[tomcat-embed-core-11.0.15.jar:11.0.15]
	at org.apache.tomcat.util.threads.TaskThread$WrappingRunnable.run(TaskThread.java:57) ~[tomcat-embed-core-11.0.15.jar:11.0.15]
	at java.base/java.lang.Thread.run(Thread.java:1447) ~[na:na]

2026-01-31T16:48:57.862+05:30  INFO 5400 --- [taskapi] [SpringApplicationShutdownHook] o.s.boot.tomcat.GracefulShutdown         : Commencing graceful shutdown. Waiting for active requests to complete
2026-01-31T16:48:57.886+05:30  INFO 5400 --- [taskapi] [tomcat-shutdown] o.s.boot.tomcat.GracefulShutdown         : Graceful shutdown complete
2026-01-31T16:48:57.897+05:30  INFO 5400 --- [taskapi] [SpringApplicationShutdownHook] j.LocalContainerEntityManagerFactoryBean : Closing JPA EntityManagerFactory for persistence unit 'default'
2026-01-31T16:48:57.904+05:30  INFO 5400 --- [taskapi] [SpringApplicationShutdownHook] com.zaxxer.hikari.HikariDataSource       : HikariPool-1 - Shutdown initiated...
2026-01-31T16:48:57.914+05:30  INFO 5400 --- [taskapi] [SpringApplicationShutdownHook] com.zaxxer.hikari.HikariDataSource       : HikariPool-1 - Shutdown completed.
